<?xml version="1.0" encoding="UTF-8"?>
<!-- Generated by org.testng.reporters.JUnitXMLReporter -->
<testsuite hostname="LTB0206984-Mac.local" ignored="0" name="Default test" tests="5" failures="0" timestamp="14 Feb 2020 09:25:08 GMT" time="56.51" errors="0">
  <testcase name="logoPresence" time="13.678" classname="allureReports.Tests"/>
  <testcase name="loginTest" time="12.565" classname="allureReports.Tests"/>
  <testcase name="registrationTest" time="5.009" classname="allureReports.Tests">
    <skipped/>
  </testcase> <!-- registrationTest -->
  <testcase name="registration1Test" time="5.008" classname="allureReports.Tests"/>
  <testcase name="registration11Test" time="5.006" classname="allureReports.Tests"/>
</testsuite> <!-- Default test -->
