<?xml version="1.0" encoding="UTF-8"?>
<testng-results skipped="1" failed="0" ignored="0" total="5" passed="4">
  <reporter-output>
  </reporter-output>
  <suite name="Default suite" duration-ms="56510" started-at="2020-02-14T09:24:06Z" finished-at="2020-02-14T09:25:03Z">
    <groups>
    </groups>
    <test name="Default test" duration-ms="56510" started-at="2020-02-14T09:24:06Z" finished-at="2020-02-14T09:25:03Z">
      <class name="allureReports.Tests">
        <test-method status="PASS" signature="cleanResults()[pri:0, instance:allureReports.Tests@65d6b83b]" name="cleanResults" is-config="true" duration-ms="271" started-at="2020-02-14T09:24:06Z" finished-at="2020-02-14T09:24:06Z">
          <reporter-output>
          </reporter-output>
        </test-method> <!-- cleanResults -->
        <test-method status="PASS" signature="setUp()[pri:0, instance:allureReports.Tests@65d6b83b]" name="setUp" is-config="true" duration-ms="14870" started-at="2020-02-14T09:24:06Z" finished-at="2020-02-14T09:24:21Z">
          <reporter-output>
          </reporter-output>
        </test-method> <!-- setUp -->
        <test-method status="PASS" signature="videoRecord()[pri:0, instance:allureReports.Tests@65d6b83b]" name="videoRecord" is-config="true" duration-ms="1" started-at="2020-02-14T09:24:21Z" finished-at="2020-02-14T09:24:21Z">
          <reporter-output>
          </reporter-output>
        </test-method> <!-- videoRecord -->
        <test-method status="PASS" signature="logoPresence()[pri:1, instance:allureReports.Tests@65d6b83b]" name="logoPresence" duration-ms="13678" started-at="2020-02-14T09:24:21Z" description="Verify Logo presence on Home Page" finished-at="2020-02-14T09:24:35Z">
          <reporter-output>
          </reporter-output>
        </test-method> <!-- logoPresence -->
        <test-method status="PASS" signature="stopRecoding()[pri:0, instance:allureReports.Tests@65d6b83b]" name="stopRecoding" is-config="true" duration-ms="3" started-at="2020-02-14T09:24:35Z" finished-at="2020-02-14T09:24:35Z">
          <reporter-output>
          </reporter-output>
        </test-method> <!-- stopRecoding -->
        <test-method status="PASS" signature="videoRecord()[pri:0, instance:allureReports.Tests@65d6b83b]" name="videoRecord" is-config="true" duration-ms="1" started-at="2020-02-14T09:24:35Z" finished-at="2020-02-14T09:24:35Z">
          <reporter-output>
          </reporter-output>
        </test-method> <!-- videoRecord -->
        <test-method status="PASS" signature="loginTest()[pri:2, instance:allureReports.Tests@65d6b83b]" name="loginTest" duration-ms="12565" started-at="2020-02-14T09:24:35Z" description="Verify login" finished-at="2020-02-14T09:24:47Z">
          <reporter-output>
          </reporter-output>
        </test-method> <!-- loginTest -->
        <test-method status="PASS" signature="stopRecoding()[pri:0, instance:allureReports.Tests@65d6b83b]" name="stopRecoding" is-config="true" duration-ms="1" started-at="2020-02-14T09:24:47Z" finished-at="2020-02-14T09:24:47Z">
          <reporter-output>
          </reporter-output>
        </test-method> <!-- stopRecoding -->
        <test-method status="PASS" signature="videoRecord()[pri:0, instance:allureReports.Tests@65d6b83b]" name="videoRecord" is-config="true" duration-ms="1" started-at="2020-02-14T09:24:47Z" finished-at="2020-02-14T09:24:47Z">
          <reporter-output>
          </reporter-output>
        </test-method> <!-- videoRecord -->
        <test-method status="SKIP" signature="registrationTest()[pri:3, instance:allureReports.Tests@65d6b83b]" name="registrationTest" duration-ms="5009" started-at="2020-02-14T09:24:47Z" description="Verify user Registration" finished-at="2020-02-14T09:24:52Z">
          <exception class="org.testng.SkipException">
            <message>
              <![CDATA[Skipping this Test]]>
            </message>
            <full-stacktrace>
              <![CDATA[org.testng.SkipException: Skipping this Test
at allureReports.Tests.registrationTest(Tests.java:96)
at sun.reflect.NativeMethodAccessorImpl.invoke0(Native Method)
at sun.reflect.NativeMethodAccessorImpl.invoke(NativeMethodAccessorImpl.java:62)
at sun.reflect.DelegatingMethodAccessorImpl.invoke(DelegatingMethodAccessorImpl.java:43)
at java.lang.reflect.Method.invoke(Method.java:498)
at org.testng.internal.MethodInvocationHelper.invokeMethod(MethodInvocationHelper.java:124)
at org.testng.internal.Invoker.invokeMethod(Invoker.java:580)
at org.testng.internal.Invoker.invokeTestMethod(Invoker.java:716)
at org.testng.internal.Invoker.invokeTestMethods(Invoker.java:988)
at org.testng.internal.TestMethodWorker.invokeTestMethods(TestMethodWorker.java:125)
at org.testng.internal.TestMethodWorker.run(TestMethodWorker.java:109)
at org.testng.TestRunner.privateRun(TestRunner.java:648)
at org.testng.TestRunner.run(TestRunner.java:505)
at org.testng.SuiteRunner.runTest(SuiteRunner.java:455)
at org.testng.SuiteRunner.runSequentially(SuiteRunner.java:450)
at org.testng.SuiteRunner.privateRun(SuiteRunner.java:415)
at org.testng.SuiteRunner.run(SuiteRunner.java:364)
at org.testng.SuiteRunnerWorker.runSuite(SuiteRunnerWorker.java:52)
at org.testng.SuiteRunnerWorker.run(SuiteRunnerWorker.java:84)
at org.testng.TestNG.runSuitesSequentially(TestNG.java:1208)
at org.testng.TestNG.runSuitesLocally(TestNG.java:1137)
at org.testng.TestNG.runSuites(TestNG.java:1049)
at org.testng.TestNG.run(TestNG.java:1017)
at org.testng.remote.AbstractRemoteTestNG.run(AbstractRemoteTestNG.java:114)
at org.testng.remote.RemoteTestNG.initAndRun(RemoteTestNG.java:251)
at org.testng.remote.RemoteTestNG.main(RemoteTestNG.java:77)
]]>
            </full-stacktrace>
          </exception> <!-- org.testng.SkipException -->
          <reporter-output>
          </reporter-output>
        </test-method> <!-- registrationTest -->
        <test-method status="PASS" signature="stopRecoding()[pri:0, instance:allureReports.Tests@65d6b83b]" name="stopRecoding" is-config="true" duration-ms="0" started-at="2020-02-14T09:24:52Z" finished-at="2020-02-14T09:24:52Z">
          <reporter-output>
          </reporter-output>
        </test-method> <!-- stopRecoding -->
        <test-method status="PASS" signature="videoRecord()[pri:0, instance:allureReports.Tests@65d6b83b]" name="videoRecord" is-config="true" duration-ms="1" started-at="2020-02-14T09:24:52Z" finished-at="2020-02-14T09:24:52Z">
          <reporter-output>
          </reporter-output>
        </test-method> <!-- videoRecord -->
        <test-method status="PASS" signature="registration1Test()[pri:4, instance:allureReports.Tests@65d6b83b]" name="registration1Test" duration-ms="5008" started-at="2020-02-14T09:24:52Z" description="Verify user Registration1" finished-at="2020-02-14T09:24:57Z">
          <reporter-output>
          </reporter-output>
        </test-method> <!-- registration1Test -->
        <test-method status="PASS" signature="stopRecoding()[pri:0, instance:allureReports.Tests@65d6b83b]" name="stopRecoding" is-config="true" duration-ms="0" started-at="2020-02-14T09:24:57Z" finished-at="2020-02-14T09:24:57Z">
          <reporter-output>
          </reporter-output>
        </test-method> <!-- stopRecoding -->
        <test-method status="PASS" signature="videoRecord()[pri:0, instance:allureReports.Tests@65d6b83b]" name="videoRecord" is-config="true" duration-ms="0" started-at="2020-02-14T09:24:57Z" finished-at="2020-02-14T09:24:57Z">
          <reporter-output>
          </reporter-output>
        </test-method> <!-- videoRecord -->
        <test-method status="PASS" signature="registration11Test()[pri:5, instance:allureReports.Tests@65d6b83b]" name="registration11Test" duration-ms="5006" started-at="2020-02-14T09:24:57Z" description="Verify user Registration11" finished-at="2020-02-14T09:25:02Z">
          <reporter-output>
          </reporter-output>
        </test-method> <!-- registration11Test -->
        <test-method status="PASS" signature="stopRecoding()[pri:0, instance:allureReports.Tests@65d6b83b]" name="stopRecoding" is-config="true" duration-ms="1" started-at="2020-02-14T09:25:02Z" finished-at="2020-02-14T09:25:02Z">
          <reporter-output>
          </reporter-output>
        </test-method> <!-- stopRecoding -->
        <test-method status="PASS" signature="tearDown()[pri:0, instance:allureReports.Tests@65d6b83b]" name="tearDown" is-config="true" duration-ms="149" started-at="2020-02-14T09:25:02Z" finished-at="2020-02-14T09:25:03Z">
          <reporter-output>
          </reporter-output>
        </test-method> <!-- tearDown -->
        <test-method status="PASS" signature="reportGen()[pri:0, instance:allureReports.Tests@65d6b83b]" name="reportGen" is-config="true" duration-ms="8059" started-at="2020-02-14T09:25:08Z" finished-at="2020-02-14T09:25:16Z">
          <reporter-output>
          </reporter-output>
        </test-method> <!-- reportGen -->
      </class> <!-- allureReports.Tests -->
    </test> <!-- Default test -->
  </suite> <!-- Default suite -->
</testng-results>
